# JRE version: OpenJDK Runtime Environment Temurin-17.0.5+8 (17.0.5+8) (build 17.0.5+8)
# Java VM: OpenJDK 64-Bit Server VM Temurin-17.0.5+8 (17.0.5+8, mixed mode, tiered, compressed oops, compressed class ptrs, parallel gc, windows-amd64)
GC Precious Log:
 CPUs: 12 total, 12 available
 Memory: 16333M
 Large Page Support: Disabled
 NUMA Support: Disabled
 Compressed Oops: Enabled (32-bit)
 Alignments: Space 512K, Generation 512K, Heap 2M
 Heap Min Capacity: 100M
 Heap Initial Capacity: 100M
 Heap Max Capacity: 1G
 Pre-touch: Disabled
 Parallel Workers: 10
Heap:
 PSYoungGen      total 4608K, used 512K [0x00000000eab00000, 0x00000000eb600000, 0x0000000100000000)
  eden space 4096K, 0% used [0x00000000eab00000,0x00000000eab00000,0x00000000eaf00000)
  from space 512K, 100% used [0x00000000eb000000,0x00000000eb080000,0x00000000eb080000)
  to   space 3584K, 0% used [0x00000000eb280000,0x00000000eb280000,0x00000000eb600000)
 ParOldGen       total 229376K, used 229294K [0x00000000c0000000, 0x00000000ce000000, 0x00000000eab00000)
  object space 229376K, 99% used [0x00000000c0000000,0x00000000cdfeb948,0x00000000ce000000)
 Metaspace       used 90336K, committed 91584K, reserved 1138688K
  class space    used 9022K, committed 9600K, reserved 1048576K
GC Heap History (20 events):
Event: 2667.046 GC heap after
{Heap after GC invocations=2999 (full 65):
 PSYoungGen      total 7680K, used 3360K [0x00000000eab00000, 0x00000000eb600000, 0x0000000100000000)
  eden space 4096K, 0% used [0x00000000eab00000,0x00000000eab00000,0x00000000eaf00000)
  from space 3584K, 93% used [0x00000000eb280000,0x00000000eb5c8158,0x00000000eb600000)
  to   space 3584K, 0% used [0x00000000eaf00000,0x00000000eaf00000,0x00000000eb280000)
 ParOldGen       total 228864K, used 224794K [0x00000000c0000000, 0x00000000cdf80000, 0x00000000eab00000)
  object space 228864K, 98% used [0x00000000c0000000,0x00000000cdb86ad8,0x00000000cdf80000)
 Metaspace       used 90086K, committed 91392K, reserved 1130496K
  class space    used 8978K, committed 9600K, reserved 1048576K
}
Event: 2667.517 GC heap before
{Heap before GC invocations=3000 (full 65):
 PSYoungGen      total 7680K, used 7456K [0x00000000eab00000, 0x00000000eb600000, 0x0000000100000000)
  eden space 4096K, 100% used [0x00000000eab00000,0x00000000eaf00000,0x00000000eaf00000)
  from space 3584K, 93% used [0x00000000eb280000,0x00000000eb5c8158,0x00000000eb600000)
  to   space 3584K, 0% used [0x00000000eaf00000,0x00000000eaf00000,0x00000000eb280000)
 ParOldGen       total 228864K, used 224794K [0x00000000c0000000, 0x00000000cdf80000, 0x00000000eab00000)
  object space 228864K, 98% used [0x00000000c0000000,0x00000000cdb86ad8,0x00000000cdf80000)
 Metaspace       used 90088K, committed 91392K, reserved 1130496K
  class space    used 8978K, committed 9600K, reserved 1048576K
}
Event: 2667.521 GC heap after
{Heap after GC invocations=3000 (full 65):
 PSYoungGen      total 5632K, used 1082K [0x00000000eab00000, 0x00000000eb300000, 0x0000000100000000)
  eden space 4096K, 0% used [0x00000000eab00000,0x00000000eab00000,0x00000000eaf00000)
  from space 1536K, 70% used [0x00000000eaf00000,0x00000000eb00e900,0x00000000eb080000)
  to   space 2048K, 0% used [0x00000000eb100000,0x00000000eb100000,0x00000000eb300000)
 ParOldGen       total 228864K, used 225458K [0x00000000c0000000, 0x00000000cdf80000, 0x00000000eab00000)
  object space 228864K, 98% used [0x00000000c0000000,0x00000000cdc2cad8,0x00000000cdf80000)
 Metaspace       used 90088K, committed 91392K, reserved 1130496K
  class space    used 8978K, committed 9600K, reserved 1048576K
}
Event: 2667.888 GC heap before
{Heap before GC invocations=3001 (full 65):
 PSYoungGen      total 5632K, used 5178K [0x00000000eab00000, 0x00000000eb300000, 0x0000000100000000)
  eden space 4096K, 100% used [0x00000000eab00000,0x00000000eaf00000,0x00000000eaf00000)
  from space 1536K, 70% used [0x00000000eaf00000,0x00000000eb00e900,0x00000000eb080000)
  to   space 2048K, 0% used [0x00000000eb100000,0x00000000eb100000,0x00000000eb300000)
 ParOldGen       total 228864K, used 225458K [0x00000000c0000000, 0x00000000cdf80000, 0x00000000eab00000)
  object space 228864K, 98% used [0x00000000c0000000,0x00000000cdc2cad8,0x00000000cdf80000)
 Metaspace       used 90088K, committed 91392K, reserved 1130496K
  class space    used 8978K, committed 9600K, reserved 1048576K
}
Event: 2667.892 GC heap after
{Heap after GC invocations=3001 (full 65):
 PSYoungGen      total 4608K, used 410K [0x00000000eab00000, 0x00000000eb180000, 0x0000000100000000)
  eden space 4096K, 0% used [0x00000000eab00000,0x00000000eab00000,0x00000000eaf00000)
  from space 512K, 80% used [0x00000000eb100000,0x00000000eb166900,0x00000000eb180000)
  to   space 1024K, 0% used [0x00000000eaf80000,0x00000000eaf80000,0x00000000eb080000)
 ParOldGen       total 228864K, used 226351K [0x00000000c0000000, 0x00000000cdf80000, 0x00000000eab00000)
  object space 228864K, 98% used [0x00000000c0000000,0x00000000cdd0bcd8,0x00000000cdf80000)
 Metaspace       used 90088K, committed 91392K, reserved 1130496K
  class space    used 8978K, committed 9600K, reserved 1048576K
}
Event: 42251.985 GC heap before
{Heap before GC invocations=3002 (full 65):
 PSYoungGen      total 4608K, used 4506K [0x00000000eab00000, 0x00000000eb180000, 0x0000000100000000)
  eden space 4096K, 100% used [0x00000000eab00000,0x00000000eaf00000,0x00000000eaf00000)
  from space 512K, 80% used [0x00000000eb100000,0x00000000eb166900,0x00000000eb180000)
  to   space 1024K, 0% used [0x00000000eaf80000,0x00000000eaf80000,0x00000000eb080000)
 ParOldGen       total 228864K, used 226351K [0x00000000c0000000, 0x00000000cdf80000, 0x00000000eab00000)
  object space 228864K, 98% used [0x00000000c0000000,0x00000000cdd0bcd8,0x00000000cdf80000)
 Metaspace       used 90088K, committed 91392K, reserved 1130496K
  class space    used 8978K, committed 9600K, reserved 1048576K
}
Event: 42251.986 GC heap after
{Heap after GC invocations=3002 (full 65):
 PSYoungGen      total 5120K, used 544K [0x00000000eab00000, 0x00000000eb180000, 0x0000000100000000)
  eden space 4096K, 0% used [0x00000000eab00000,0x00000000eab00000,0x00000000eaf00000)
  from space 1024K, 53% used [0x00000000eaf80000,0x00000000eb008000,0x00000000eb080000)
  to   space 1024K, 0% used [0x00000000eb080000,0x00000000eb080000,0x00000000eb180000)
 ParOldGen       total 228864K, used 226739K [0x00000000c0000000, 0x00000000cdf80000, 0x00000000eab00000)
  object space 228864K, 99% used [0x00000000c0000000,0x00000000cdd6ced8,0x00000000cdf80000)
 Metaspace       used 90088K, committed 91392K, reserved 1130496K
  class space    used 8978K, committed 9600K, reserved 1048576K
}
Event: 42251.993 GC heap before
{Heap before GC invocations=3003 (full 65):
 PSYoungGen      total 5120K, used 4640K [0x00000000eab00000, 0x00000000eb180000, 0x0000000100000000)
  eden space 4096K, 100% used [0x00000000eab00000,0x00000000eaf00000,0x00000000eaf00000)
  from space 1024K, 53% used [0x00000000eaf80000,0x00000000eb008000,0x00000000eb080000)
  to   space 1024K, 0% used [0x00000000eb080000,0x00000000eb080000,0x00000000eb180000)
 ParOldGen       total 228864K, used 226739K [0x00000000c0000000, 0x00000000cdf80000, 0x00000000eab00000)
  object space 228864K, 99% used [0x00000000c0000000,0x00000000cdd6ced8,0x00000000cdf80000)
 Metaspace       used 90088K, committed 91392K, reserved 1130496K
  class space    used 8978K, committed 9600K, reserved 1048576K
}
Event: 42251.994 GC heap after
{Heap after GC invocations=3003 (full 65):
 PSYoungGen      total 4608K, used 64K [0x00000000eab00000, 0x00000000eb100000, 0x0000000100000000)
  eden space 4096K, 0% used [0x00000000eab00000,0x00000000eab00000,0x00000000eaf00000)
  from space 512K, 12% used [0x00000000eb080000,0x00000000eb090000,0x00000000eb100000)
  to   space 512K, 0% used [0x00000000eb000000,0x00000000eb000000,0x00000000eb080000)
 ParOldGen       total 228864K, used 227123K [0x00000000c0000000, 0x00000000cdf80000, 0x00000000eab00000)
  object space 228864K, 99% used [0x00000000c0000000,0x00000000cddcced8,0x00000000cdf80000)
 Metaspace       used 90088K, committed 91392K, reserved 1130496K
  class space    used 8978K, committed 9600K, reserved 1048576K
}
Event: 42252.002 GC heap before
{Heap before GC invocations=3004 (full 65):
 PSYoungGen      total 4608K, used 4160K [0x00000000eab00000, 0x00000000eb100000, 0x0000000100000000)
  eden space 4096K, 100% used [0x00000000eab00000,0x00000000eaf00000,0x00000000eaf00000)
  from space 512K, 12% used [0x00000000eb080000,0x00000000eb090000,0x00000000eb100000)
  to   space 512K, 0% used [0x00000000eb000000,0x00000000eb000000,0x00000000eb080000)
 ParOldGen       total 228864K, used 227123K [0x00000000c0000000, 0x00000000cdf80000, 0x00000000eab00000)
  object space 228864K, 99% used [0x00000000c0000000,0x00000000cddcced8,0x00000000cdf80000)
 Metaspace       used 90088K, committed 91392K, reserved 1130496K
  class space    used 8978K, committed 9600K, reserved 1048576K
}
Event: 42252.003 GC heap after
{Heap after GC invocations=3004 (full 65):
 PSYoungGen      total 4608K, used 32K [0x00000000eab00000, 0x00000000eb100000, 0x0000000100000000)
  eden space 4096K, 0% used [0x00000000eab00000,0x00000000eab00000,0x00000000eaf00000)
  from space 512K, 6% used [0x00000000eb000000,0x00000000eb008000,0x00000000eb080000)
  to   space 512K, 0% used [0x00000000eb080000,0x00000000eb080000,0x00000000eb100000)
 ParOldGen       total 228864K, used 227139K [0x00000000c0000000, 0x00000000cdf80000, 0x00000000eab00000)
  object space 228864K, 99% used [0x00000000c0000000,0x00000000cddd0ed8,0x00000000cdf80000)
 Metaspace       used 90088K, committed 91392K, reserved 1130496K
  class space    used 8978K, committed 9600K, reserved 1048576K
}
Event: 42252.009 GC heap before
{Heap before GC invocations=3005 (full 65):
 PSYoungGen      total 4608K, used 4128K [0x00000000eab00000, 0x00000000eb100000, 0x0000000100000000)
  eden space 4096K, 100% used [0x00000000eab00000,0x00000000eaf00000,0x00000000eaf00000)
  from space 512K, 6% used [0x00000000eb000000,0x00000000eb008000,0x00000000eb080000)
  to   space 512K, 0% used [0x00000000eb080000,0x00000000eb080000,0x00000000eb100000)
 ParOldGen       total 228864K, used 227139K [0x00000000c0000000, 0x00000000cdf80000, 0x00000000eab00000)
  object space 228864K, 99% used [0x00000000c0000000,0x00000000cddd0ed8,0x00000000cdf80000)
 Metaspace       used 90088K, committed 91392K, reserved 1130496K
  class space    used 8978K, committed 9600K, reserved 1048576K
}
Event: 42252.010 GC heap after
{Heap after GC invocations=3005 (full 65):
 PSYoungGen      total 4608K, used 32K [0x00000000eab00000, 0x00000000eb100000, 0x0000000100000000)
  eden space 4096K, 0% used [0x00000000eab00000,0x00000000eab00000,0x00000000eaf00000)
  from space 512K, 6% used [0x00000000eb080000,0x00000000eb088000,0x00000000eb100000)
  to   space 512K, 0% used [0x00000000eb000000,0x00000000eb000000,0x00000000eb080000)
 ParOldGen       total 228864K, used 227139K [0x00000000c0000000, 0x00000000cdf80000, 0x00000000eab00000)
  object space 228864K, 99% used [0x00000000c0000000,0x00000000cddd0ed8,0x00000000cdf80000)
 Metaspace       used 90088K, committed 91392K, reserved 1130496K
  class space    used 8978K, committed 9600K, reserved 1048576K
}
Event: 42252.017 GC heap before
{Heap before GC invocations=3006 (full 65):
 PSYoungGen      total 4608K, used 4128K [0x00000000eab00000, 0x00000000eb100000, 0x0000000100000000)
  eden space 4096K, 100% used [0x00000000eab00000,0x00000000eaf00000,0x00000000eaf00000)
  from space 512K, 6% used [0x00000000eb080000,0x00000000eb088000,0x00000000eb100000)
  to   space 512K, 0% used [0x00000000eb000000,0x00000000eb000000,0x00000000eb080000)
 ParOldGen       total 228864K, used 227139K [0x00000000c0000000, 0x00000000cdf80000, 0x00000000eab00000)
  object space 228864K, 99% used [0x00000000c0000000,0x00000000cddd0ed8,0x00000000cdf80000)
 Metaspace       used 90088K, committed 91392K, reserved 1130496K
  class space    used 8978K, committed 9600K, reserved 1048576K
}
Event: 42252.018 GC heap after
{Heap after GC invocations=3006 (full 65):
 PSYoungGen      total 4608K, used 32K [0x00000000eab00000, 0x00000000eb100000, 0x0000000100000000)
  eden space 4096K, 0% used [0x00000000eab00000,0x00000000eab00000,0x00000000eaf00000)
  from space 512K, 6% used [0x00000000eb000000,0x00000000eb008000,0x00000000eb080000)
  to   space 512K, 0% used [0x00000000eb080000,0x00000000eb080000,0x00000000eb100000)
 ParOldGen       total 228864K, used 227139K [0x00000000c0000000, 0x00000000cdf80000, 0x00000000eab00000)
  object space 228864K, 99% used [0x00000000c0000000,0x00000000cddd0ed8,0x00000000cdf80000)
 Metaspace       used 90088K, committed 91392K, reserved 1130496K
  class space    used 8978K, committed 9600K, reserved 1048576K
}
Event: 42280.704 GC heap before
{Heap before GC invocations=3007 (full 65):
 PSYoungGen      total 4608K, used 4069K [0x00000000eab00000, 0x00000000eb100000, 0x0000000100000000)
  eden space 4096K, 98% used [0x00000000eab00000,0x00000000eaef16c0,0x00000000eaf00000)
  from space 512K, 6% used [0x00000000eb000000,0x00000000eb008000,0x00000000eb080000)
  to   space 512K, 0% used [0x00000000eb080000,0x00000000eb080000,0x00000000eb100000)
 ParOldGen       total 228864K, used 227139K [0x00000000c0000000, 0x00000000cdf80000, 0x00000000eab00000)
  object space 228864K, 99% used [0x00000000c0000000,0x00000000cddd0ed8,0x00000000cdf80000)
 Metaspace       used 90233K, committed 91520K, reserved 1130496K
  class space    used 9006K, committed 9600K, reserved 1048576K
}
Event: 42280.705 GC heap after
{Heap after GC invocations=3007 (full 65):
 PSYoungGen      total 4608K, used 352K [0x00000000eab00000, 0x00000000eb100000, 0x0000000100000000)
  eden space 4096K, 0% used [0x00000000eab00000,0x00000000eab00000,0x00000000eaf00000)
  from space 512K, 68% used [0x00000000eb080000,0x00000000eb0d8000,0x00000000eb100000)
  to   space 512K, 0% used [0x00000000eb000000,0x00000000eb000000,0x00000000eb080000)
 ParOldGen       total 228864K, used 227139K [0x00000000c0000000, 0x00000000cdf80000, 0x00000000eab00000)
  object space 228864K, 99% used [0x00000000c0000000,0x00000000cddd0ed8,0x00000000cdf80000)
 Metaspace       used 90233K, committed 91520K, reserved 1130496K
  class space    used 9006K, committed 9600K, reserved 1048576K
}
Event: 42280.734 GC heap before
{Heap before GC invocations=3008 (full 65):
 PSYoungGen      total 4608K, used 4448K [0x00000000eab00000, 0x00000000eb100000, 0x0000000100000000)
  eden space 4096K, 100% used [0x00000000eab00000,0x00000000eaf00000,0x00000000eaf00000)
  from space 512K, 68% used [0x00000000eb080000,0x00000000eb0d8000,0x00000000eb100000)
  to   space 512K, 0% used [0x00000000eb000000,0x00000000eb000000,0x00000000eb080000)
 ParOldGen       total 228864K, used 227139K [0x00000000c0000000, 0x00000000cdf80000, 0x00000000eab00000)
  object space 228864K, 99% used [0x00000000c0000000,0x00000000cddd0ed8,0x00000000cdf80000)
 Metaspace       used 90336K, committed 91584K, reserved 1138688K
  class space    used 9022K, committed 9600K, reserved 1048576K
}
Event: 42280.736 GC heap after
{Heap after GC invocations=3008 (full 65):
 PSYoungGen      total 4608K, used 512K [0x00000000eab00000, 0x00000000eb600000, 0x0000000100000000)
  eden space 4096K, 0% used [0x00000000eab00000,0x00000000eab00000,0x00000000eaf00000)
  from space 512K, 100% used [0x00000000eb000000,0x00000000eb080000,0x00000000eb080000)
  to   space 3584K, 0% used [0x00000000eb280000,0x00000000eb280000,0x00000000eb600000)
 ParOldGen       total 229376K, used 229294K [0x00000000c0000000, 0x00000000ce000000, 0x00000000eab00000)
  object space 229376K, 99% used [0x00000000c0000000,0x00000000cdfeb948,0x00000000ce000000)
 Metaspace       used 90336K, committed 91584K, reserved 1138688K
  class space    used 9022K, committed 9600K, reserved 1048576K
}
Event: 42280.736 GC heap before
{Heap before GC invocations=3009 (full 66):
 PSYoungGen      total 4608K, used 512K [0x00000000eab00000, 0x00000000eb600000, 0x0000000100000000)
  eden space 4096K, 0% used [0x00000000eab00000,0x00000000eab00000,0x00000000eaf00000)
  from space 512K, 100% used [0x00000000eb000000,0x00000000eb080000,0x00000000eb080000)
  to   space 3584K, 0% used [0x00000000eb280000,0x00000000eb280000,0x00000000eb600000)
 ParOldGen       total 229376K, used 229294K [0x00000000c0000000, 0x00000000ce000000, 0x00000000eab00000)
  object space 229376K, 99% used [0x00000000c0000000,0x00000000cdfeb948,0x00000000ce000000)
 Metaspace       used 90336K, committed 91584K, reserved 1138688K
  class space    used 9022K, committed 9600K, reserved 1048576K
}

